2021-03-17 21:13:47.379176; check_diff; (12, 'October'); {'year': 2003}; 6366
2021-03-17 21:13:48.379713; check_diff; (16, 'August'); {'year': 2015}; 2040
2021-03-17 21:13:49.380524; check_diff; (22, 'August'); {'year': 2009}; 4225
2021-03-17 21:13:50.381824; check_diff; (4, 'February'); {'year': 2028}; -2515
2021-03-17 21:13:51.382435; check_diff; (20, 'February'); {'year': 2001}; 7330
2021-03-17 21:13:52.383221; check_diff; (20, 'September'); {'year': 2012}; 3100
2021-03-17 21:13:53.384744; check_diff; (30, 'January'); {'year': 2023}; -684
2021-03-17 21:13:54.386121; check_diff; (9, 'September'); {'year': 2007}; 4938
2021-03-17 21:13:55.393409; check_diff; (14, 'March'); {'year': 2026}; -1823
2021-03-17 21:13:56.393665; check_diff; (10, 'May'); {'year': 2018}; 1042
2021-03-17 21:13:57.395056; check_diff; (7, 'September'); {'year': 2024}; -1270
2021-03-17 21:14:05.372573; check_diff; (28, 'April'); {'year': 2020}; 323
2021-03-17 21:14:06.373018; check_diff; (24, 'May'); {'year': 2026}; -1894
2021-03-17 21:14:07.373406; check_diff; (26, 'April'); {'year': 2020}; 325
2021-03-17 21:14:08.373582; check_diff; (12, 'May'); {'year': 2009}; 4327
2021-03-17 21:14:09.374346; check_diff; (15, 'May'); {'year': 2007}; 5055
2021-03-17 21:14:10.374561; check_diff; (28, 'June'); {'year': 2019}; 628
2021-03-17 21:14:11.374683; check_diff; (21, 'June'); {'year': 2010}; 3922
2021-03-17 21:14:12.375966; check_diff; (6, 'October'); {'year': 2011}; 3450
2021-03-17 21:14:13.376373; check_diff; (2, 'May'); {'year': 2013}; 2876
2021-03-17 21:14:14.377433; check_diff; (27, 'November'); {'year': 2027}; -2446
2021-03-17 21:14:15.377776; check_diff; (12, 'August'); {'year': 2029}; -3070
2021-03-17 21:52:36.172207; check_diff; (14, 'January'); {'year': 2026}; -1764
2021-03-17 21:52:37.172796; check_diff; (12, 'October'); {'year': 2019}; 522
2021-03-17 21:52:38.172965; check_diff; (2, 'August'); {'year': 2007}; 4976
2021-03-17 21:52:39.173955; check_diff; (2, 'October'); {'year': 2023}; -929
2021-03-17 21:52:40.175726; check_diff; (1, 'April'); {'year': 2020}; 350
2021-03-17 21:52:41.177114; check_diff; (2, 'May'); {'year': 2029}; -2968
2021-03-17 21:52:42.178283; check_diff; (27, 'October'); {'year': 2018}; 872
2021-03-17 21:52:43.179330; check_diff; (3, 'November'); {'year': 2025}; -1692
2021-03-17 21:52:44.180011; check_diff; (27, 'January'); {'year': 2028}; -2507
2021-03-17 21:52:45.181026; check_diff; (12, 'October'); {'year': 2028}; -2766
2021-03-17 21:52:46.181381; check_diff; (16, 'August'); {'year': 2014}; 2405
